2025-04-01 02:26:50,149 - risk_scoring - INFO - Initialized sentiment analysis classifier
2025-04-01 02:27:00,236 - risk_scoring - INFO - Initialized sentiment analysis classifier
2025-04-01 02:27:32,011 - risk_scoring - INFO - Risk score for 'localhost:5002': 35.59
2025-04-01 02:27:32,011 - risk_scoring - INFO - Risk score for 'localhost:5002': 59.59
2025-04-01 02:27:36,918 - risk_scoring - INFO - Risk score for 'Error fetching SpiderFoot data for query 'localhost:5002': Expecting value: line 1 column 1 (char 0)': 75.94
2025-04-01 02:27:41,487 - risk_scoring - INFO - Risk score for 'localhost:5002': 35.59
2025-04-01 02:30:22,376 - risk_scoring - INFO - Risk score for 'Development Workstations': 74.81
2025-04-01 02:30:22,377 - risk_scoring - INFO - Risk score for 'Development Workstations': 50.82
2025-04-01 02:34:22,244 - risk_scoring - INFO - Risk score for 'Backup and Recovery': 29.14
2025-04-01 02:34:22,244 - risk_scoring - INFO - Risk score for 'Backup and Recovery': 53.14
2025-04-01 02:36:09,526 - risk_scoring - INFO - Initialized sentiment analysis classifier
2025-04-01 02:36:30,071 - risk_scoring - INFO - Initialized sentiment analysis classifier
2025-04-01 02:37:19,546 - risk_scoring - INFO - Risk score for 'Backup and Recovery': 29.14
2025-04-01 02:37:19,547 - risk_scoring - INFO - Risk score for 'Backup and Recovery': 53.14
2025-04-01 02:38:43,812 - risk_scoring - INFO - Risk score for 'Primary Application Server': 44.94
2025-04-01 02:38:43,812 - risk_scoring - INFO - Risk score for 'Primary Application Server': 20.94
2025-04-01 02:40:13,157 - risk_scoring - INFO - Risk score for 'Authentication Service': 23.89
2025-04-01 02:40:13,158 - risk_scoring - INFO - Risk score for 'Authentication Service': 47.89
2025-04-01 03:51:07,290 - risk_scoring - INFO - Initialized sentiment analysis classifier
2025-04-01 03:51:19,038 - risk_scoring - INFO - Initialized sentiment analysis classifier
2025-04-01 03:51:57,230 - risk_scoring - INFO - Risk score for 'localhost:5002': 35.59
2025-04-01 03:51:57,231 - risk_scoring - INFO - Risk score for 'localhost:5002': 59.58
2025-04-01 03:52:03,438 - risk_scoring - INFO - Risk score for 'localhost:5002': 59.59
2025-04-01 03:52:07,421 - risk_scoring - INFO - Risk score for 'localhost:5002': 35.59
2025-04-01 04:05:57,266 - risk_scoring - INFO - Initialized sentiment analysis classifier
2025-04-01 04:06:07,447 - risk_scoring - INFO - Initialized sentiment analysis classifier
2025-04-01 04:06:59,429 - risk_scoring - INFO - Initialized sentiment analysis classifier
2025-04-01 04:07:22,319 - risk_scoring - INFO - Initialized sentiment analysis classifier
2025-04-01 04:07:32,829 - risk_scoring - INFO - Initialized sentiment analysis classifier
2025-04-01 04:10:00,390 - risk_scoring - INFO - Risk score for 'localhost:5002': 35.59
2025-04-01 04:10:00,390 - risk_scoring - INFO - Risk score for 'localhost:5002': 59.59
2025-04-01 04:10:05,623 - risk_scoring - INFO - Risk score for 'Error fetching SpiderFoot data for query 'localhost:5002': Expecting value: line 1 column 1 (char 0)': 75.94
2025-04-01 04:10:09,241 - risk_scoring - INFO - Risk score for 'localhost:5002': 35.59
2025-04-01 04:11:45,903 - risk_scoring - INFO - Risk score for 'Backup and Recovery': 53.14
2025-04-01 04:11:45,903 - risk_scoring - INFO - Risk score for 'Backup and Recovery': 29.14
2025-04-01 04:12:23,717 - risk_scoring - INFO - Risk score for 'Backup and Recovery': 29.14
2025-04-01 04:12:23,718 - risk_scoring - INFO - Risk score for 'Backup and Recovery': 53.14
2025-04-01 04:13:26,977 - risk_scoring - INFO - Initialized sentiment analysis classifier
2025-04-01 04:18:31,879 - risk_scoring - INFO - Initialized sentiment analysis classifier
2025-04-01 04:19:48,557 - risk_scoring - INFO - Risk score for 'localhost:5002': 35.59
2025-04-01 04:19:48,558 - risk_scoring - INFO - Risk score for 'localhost:5002': 59.59
2025-04-01 04:19:55,519 - risk_scoring - INFO - Risk score for 'Error fetching SpiderFoot data for query 'localhost:5002': Extra data: line 1 column 127 (char 126)': 75.94
2025-04-01 04:20:00,667 - risk_scoring - INFO - Risk score for 'localhost:5002': 35.59
2025-04-01 04:22:06,780 - risk_scoring - INFO - Initialized sentiment analysis classifier
2025-04-01 04:22:49,373 - risk_scoring - INFO - Risk score for 'localhost:5002': 35.59
2025-04-01 04:22:49,373 - risk_scoring - INFO - Risk score for 'localhost:5002': 59.58
2025-04-01 04:22:56,614 - risk_scoring - INFO - Risk score for 'localhost:5002': 59.59
2025-04-01 04:23:01,024 - risk_scoring - INFO - Risk score for 'localhost:5002': 35.59
2025-04-01 04:23:56,077 - risk_scoring - INFO - Risk score for 'PostgreSQL Database': 51.21
2025-04-01 04:23:56,077 - risk_scoring - INFO - Risk score for 'PostgreSQL Database': 75.21
2025-04-01 04:24:45,393 - risk_scoring - INFO - Risk score for 'PostgreSQL Database': 75.21
2025-04-01 04:24:45,395 - risk_scoring - INFO - Risk score for 'PostgreSQL Database': 51.21
2025-04-01 04:26:30,314 - risk_scoring - INFO - Initialized sentiment analysis classifier
2025-04-01 04:27:47,989 - risk_scoring - INFO - Initialized sentiment analysis classifier
2025-04-01 04:32:32,487 - risk_scoring - INFO - Risk score for 'localhost:5002': 35.58
2025-04-01 04:32:32,488 - risk_scoring - INFO - Risk score for 'localhost:5002': 59.58
2025-04-01 04:32:44,293 - risk_scoring - INFO - Risk score for 'localhost:5002': 59.59
2025-04-01 04:32:45,786 - risk_scoring - INFO - Risk score for 'localhost:5002': 35.59
2025-04-01 04:50:28,975 - risk_scoring - INFO - Initialized sentiment analysis classifier
2025-04-01 04:50:41,054 - risk_scoring - INFO - Initialized sentiment analysis classifier
2025-04-01 04:54:19,037 - risk_scoring - INFO - Risk score for 'Payment Processing API': 50.14
2025-04-01 04:54:19,037 - risk_scoring - INFO - Risk score for 'Payment Processing API': 26.14
2025-04-01 04:59:23,930 - risk_scoring - INFO - Risk score for 'Payment Processing API': 50.14
2025-04-01 04:59:23,932 - risk_scoring - INFO - Risk score for 'Payment Processing API': 26.14
2025-04-01 05:09:40,436 - risk_scoring - INFO - Initialized sentiment analysis classifier
2025-04-01 05:09:50,287 - risk_scoring - INFO - Initialized sentiment analysis classifier
2025-04-01 05:11:28,195 - risk_scoring - INFO - Initialized sentiment analysis classifier
2025-04-01 05:13:14,682 - risk_scoring - INFO - Initialized sentiment analysis classifier
2025-04-01 05:15:00,649 - risk_scoring - INFO - Risk score for 'localhost:5002': 59.58
2025-04-01 05:15:00,649 - risk_scoring - INFO - Risk score for 'localhost:5002': 35.59
2025-04-01 05:15:05,587 - risk_scoring - INFO - Risk score for 'Error fetching SpiderFoot data for query 'localhost:5002': Expecting value: line 1 column 1 (char 0)': 75.94
2025-04-01 05:15:10,300 - risk_scoring - INFO - Risk score for 'localhost:5002': 35.59
2025-04-01 08:32:58,571 - risk_scoring - INFO - Initialized sentiment analysis classifier
2025-04-01 08:33:08,871 - risk_scoring - INFO - Initialized sentiment analysis classifier
2025-04-01 08:34:12,823 - risk_scoring - INFO - Risk score for 'localhost:5002': 35.59
2025-04-01 08:34:12,823 - risk_scoring - INFO - Risk score for 'localhost:5002': 59.58
2025-04-01 08:34:18,432 - risk_scoring - INFO - Risk score for 'localhost:5002': 59.59
2025-04-01 08:34:21,244 - risk_scoring - INFO - Risk score for 'localhost:5002': 35.59
2025-04-01 08:38:40,781 - risk_scoring - INFO - Initialized sentiment analysis classifier
2025-04-01 08:38:49,945 - risk_scoring - INFO - Initialized sentiment analysis classifier
2025-04-01 08:40:51,430 - risk_scoring - INFO - Initialized sentiment analysis classifier
2025-04-01 08:52:59,410 - risk_scoring - INFO - Initialized sentiment analysis classifier
2025-04-01 08:54:03,474 - risk_scoring - INFO - Initialized sentiment analysis classifier
2025-04-01 08:55:46,203 - risk_scoring - INFO - Risk score for 'Financial Transaction Logs': 40.39
2025-04-01 08:55:46,203 - risk_scoring - INFO - Risk score for 'Financial Transaction Logs': 64.39
2025-04-01 08:57:29,318 - risk_scoring - INFO - Initialized sentiment analysis classifier
2025-04-01 08:58:00,053 - risk_scoring - INFO - Risk score for 'Financial Transaction Logs': 40.39
2025-04-01 08:58:00,053 - risk_scoring - INFO - Risk score for 'Financial Transaction Logs': 64.39
2025-04-01 11:06:52,066 - risk_scoring - INFO - Initialized sentiment analysis classifier
2025-04-01 11:07:02,915 - risk_scoring - INFO - Initialized sentiment analysis classifier
2025-04-01 11:08:21,102 - risk_scoring - INFO - Risk score for 'localhost:5002': 35.59
2025-04-01 11:08:21,102 - risk_scoring - INFO - Risk score for 'localhost:5002': 59.59
2025-04-01 11:08:25,944 - risk_scoring - INFO - Risk score for 'Error fetching SpiderFoot data for query 'localhost:5002': Extra data: line 1 column 127 (char 126)': 75.94
2025-04-01 11:08:29,129 - risk_scoring - INFO - Risk score for 'localhost:5002': 35.59
2025-04-01 11:08:49,779 - risk_scoring - INFO - Risk score for 'Access Control Management': 44.04
2025-04-01 11:08:49,779 - risk_scoring - INFO - Risk score for 'Access Control Management': 20.04
2025-04-01 11:09:32,864 - risk_scoring - INFO - Risk score for 'Access Control Management': 20.04
2025-04-01 11:09:32,865 - risk_scoring - INFO - Risk score for 'Access Control Management': 44.04
2025-04-01 11:10:37,036 - risk_scoring - INFO - Risk score for 'PostgreSQL Database': 75.21
2025-04-01 11:10:37,036 - risk_scoring - INFO - Risk score for 'PostgreSQL Database': 51.21
2025-04-01 12:31:13,698 - risk_scoring - INFO - Initialized sentiment analysis classifier
2025-04-01 12:31:24,540 - risk_scoring - INFO - Initialized sentiment analysis classifier
2025-04-01 12:32:29,379 - risk_scoring - INFO - Risk score for 'localhost:5002': 35.59
2025-04-01 12:32:29,379 - risk_scoring - INFO - Risk score for 'localhost:5002': 59.58
2025-04-01 12:32:37,399 - risk_scoring - INFO - Risk score for 'localhost:5002': 59.59
2025-04-01 12:32:40,859 - risk_scoring - INFO - Risk score for 'localhost:5002': 35.59
2025-04-01 12:33:09,145 - risk_scoring - INFO - Risk score for 'PostgreSQL Database': 51.21
2025-04-01 12:33:09,145 - risk_scoring - INFO - Risk score for 'PostgreSQL Database': 75.21
2025-04-02 11:07:31,651 - risk_scoring - INFO - Initialized sentiment analysis classifier
2025-04-02 11:07:42,846 - risk_scoring - INFO - Initialized sentiment analysis classifier
2025-04-02 11:08:42,408 - risk_scoring - INFO - Risk score for 'localhost:5002': 59.58
2025-04-02 11:08:42,408 - risk_scoring - INFO - Risk score for 'localhost:5002': 35.59
2025-04-02 11:08:49,840 - risk_scoring - INFO - Risk score for 'localhost:5002': 59.59
2025-04-02 11:08:53,923 - risk_scoring - INFO - Risk score for 'localhost:5002': 35.59
2025-04-02 11:09:33,430 - risk_scoring - INFO - Risk score for 'System Administrators': 49.50
2025-04-02 11:09:33,430 - risk_scoring - INFO - Risk score for 'System Administrators': 73.50
2025-04-04 12:53:14,092 - risk_scoring - INFO - Initialized sentiment analysis classifier
2025-04-04 12:53:24,839 - risk_scoring - INFO - Initialized sentiment analysis classifier
2025-04-04 12:55:11,858 - risk_scoring - INFO - Risk score for 'localhost:5002': 35.59
2025-04-04 12:55:11,858 - risk_scoring - INFO - Risk score for 'localhost:5002': 59.59
2025-04-04 12:55:17,863 - risk_scoring - INFO - Risk score for 'localhost:5002': 59.59
2025-04-04 12:55:21,858 - risk_scoring - INFO - Risk score for 'localhost:5002': 35.59
2025-04-04 12:56:59,151 - risk_scoring - INFO - Risk score for 'Primary Application Server': 20.94
2025-04-04 12:56:59,151 - risk_scoring - INFO - Risk score for 'Primary Application Server': 44.93
2025-04-04 19:58:06,754 - risk_scoring - INFO - Initialized sentiment analysis classifier
2025-04-04 19:58:18,397 - risk_scoring - INFO - Initialized sentiment analysis classifier
2025-04-04 22:04:39,220 - risk_scoring - INFO - Initialized sentiment analysis classifier
2025-04-04 22:04:49,263 - risk_scoring - INFO - Initialized sentiment analysis classifier
2025-04-04 22:06:26,006 - risk_scoring - INFO - Risk score for 'localhost:5002': 59.58
2025-04-04 22:06:26,006 - risk_scoring - INFO - Risk score for 'localhost:5002': 59.58
2025-04-04 22:06:26,006 - risk_scoring - INFO - Risk score for 'localhost:5002': 35.59
2025-04-04 22:06:39,177 - risk_scoring - INFO - Risk score for 'localhost:5002': 35.59
2025-04-04 22:07:45,881 - risk_scoring - INFO - Risk score for 'Audit Logs': 50.12
2025-04-04 22:07:45,882 - risk_scoring - INFO - Risk score for 'Audit Logs': 74.12
2025-04-04 22:08:57,067 - risk_scoring - INFO - Initialized sentiment analysis classifier
2025-04-04 22:09:07,817 - risk_scoring - INFO - Initialized sentiment analysis classifier
2025-04-04 22:12:12,383 - risk_scoring - INFO - Initialized sentiment analysis classifier
2025-04-04 22:17:19,987 - risk_scoring - INFO - Initialized sentiment analysis classifier
2025-04-04 22:17:29,430 - risk_scoring - INFO - Initialized sentiment analysis classifier
2025-04-05 00:02:28,039 - risk_scoring - INFO - Initialized sentiment analysis classifier
2025-04-05 00:02:38,941 - risk_scoring - INFO - Initialized sentiment analysis classifier
2025-04-05 00:05:19,212 - risk_scoring - INFO - Risk score for 'SpiderFoot execution failed for query '$': No output available': 75.99
2025-04-05 00:05:19,212 - risk_scoring - INFO - Risk score for 'SpiderFoot execution failed for query '$': No output available': 51.99
2025-04-05 00:05:19,212 - risk_scoring - INFO - Risk score for 'SpiderFoot execution failed for query 'localhost:5002': No output available': 75.99
